2020-03-01T12:04:41.7052334+00:00;Thread#1;Info;Reading test run result from Json file "C:\Users\arthurandreev\AppData\Local\Temp\tmpDD11.tmp".
2020-03-01T12:04:41.7292340+00:00;Thread#1;Info;Successfully read test run result from Json file "C:\Users\arthurandreev\AppData\Local\Temp\tmpDD11.tmp"
2020-03-01T12:04:41.7292340+00:00;Thread#1;Info;Deserializing test run result
2020-03-01T12:04:46.8822357+00:00;Thread#1;Info;Successfully deserialized test run result
2020-03-01T12:04:46.8822357+00:00;Thread#1;Info;Loading test run result
2020-03-01T12:04:46.9962499+00:00;Thread#1;Info;Successfully loaded test run result
2020-03-01T12:04:47.0762313+00:00;Thread#1;Info;creating 1 report(s)
2020-03-01T12:04:47.0802414+00:00;Thread#1;Info;generate Report ReportTemplate.cshtml
2020-03-01T12:04:47.6102385+00:00;Thread#1;Error;System.IO.FileNotFoundException: Could not load file or assembly 'RazorEngine, Version=3.10.0.0, Culture=neutral, PublicKeyToken=9ee697374c7e744a' or one of its dependencies. The system cannot find the file specified.
File name: 'RazorEngine, Version=3.10.0.0, Culture=neutral, PublicKeyToken=9ee697374c7e744a'
   at SpecFlow.Plus.Runner.Reporting.Rendering.RazorReportRenderer.RenderReport(TestRunResult testRunResult, ReportConfigurationEntry reportConfigurationEntry)
   at SpecFlow.Plus.Runner.Reporting.Generation.ReportGenerator.GenerateReport(TestRunResult testRunResult, ReportConfigurationEntry reportConfigurationEntry)
   at SpecFlow.Plus.Runner.Reporting.TestRunResultReporting.TestRunResultReporter.ReportResult(TestRunResult testRunResult)
   at SpecFlow.Plus.Runner.Reporting.Executors.GenerateExecutor.Execute(GenerateParameters parameters)
   at SpecFlow.Plus.Runner.Reporting.ProgramFacades.ProgramFacade.Generate(GenerateParameters parameters)

WRN: Assembly binding logging is turned OFF.
To enable assembly bind failure logging, set the registry value [HKLM\Software\Microsoft\Fusion!EnableLog] (DWORD) to 1.
Note: There is some performance penalty associated with assembly bind failure logging.
To turn this feature off, remove the registry value [HKLM\Software\Microsoft\Fusion!EnableLog].

========== End of log file ==========
